Using pre-set license
Built from '2021.3/staging' branch; Version is '2021.3.21f1 (1b156197d683) revision 1774945'; Using compiler version '192829333'; Build Type 'Release'
OS: 'Windows 11  (10.0.22621) 64bit Core' Language: 'en' Physical Memory: 16282 MB
BatchMode: 1, IsHumanControllingUs: 0, StartBugReporterOnCrash: 0, Is64bit: 1, IsPro: 1

COMMAND LINE ARGUMENTS:
C:\Program Files\Unity\Hub\Editor\2021.3.21f1\Editor\Unity.exe
-adb2
-batchMode
-noUpm
-name
AssetImportWorker0
-projectPath
C:/Users/mohmd/My project
-logFile
Logs/AssetImportWorker0.log
-srvPort
60063
Successfully changed project path to: C:/Users/mohmd/My project
C:/Users/mohmd/My project
[UnityMemory] Configuration Parameters - Can be set up in boot.config
    "memorysetup-bucket-allocator-granularity=16"
    "memorysetup-bucket-allocator-bucket-count=8"
    "memorysetup-bucket-allocator-block-size=33554432"
    "memorysetup-bucket-allocator-block-count=8"
    "memorysetup-main-allocator-block-size=16777216"
    "memorysetup-thread-allocator-block-size=16777216"
    "memorysetup-gfx-main-allocator-block-size=16777216"
    "memorysetup-gfx-thread-allocator-block-size=16777216"
    "memorysetup-cache-allocator-block-size=4194304"
    "memorysetup-typetree-allocator-block-size=2097152"
    "memorysetup-profiler-bucket-allocator-granularity=16"
    "memorysetup-profiler-bucket-allocator-bucket-count=8"
    "memorysetup-profiler-bucket-allocator-block-size=33554432"
    "memorysetup-profiler-bucket-allocator-block-count=8"
    "memorysetup-profiler-allocator-block-size=16777216"
    "memorysetup-profiler-editor-allocator-block-size=1048576"
    "memorysetup-temp-allocator-size-main=16777216"
    "memorysetup-job-temp-allocator-block-size=2097152"
    "memorysetup-job-temp-allocator-block-size-background=1048576"
    "memorysetup-job-temp-allocator-reduction-small-platforms=262144"
    "memorysetup-temp-allocator-size-background-worker=32768"
    "memorysetup-temp-allocator-size-job-worker=262144"
    "memorysetup-temp-allocator-size-preload-manager=33554432"
    "memorysetup-temp-allocator-size-nav-mesh-worker=65536"
    "memorysetup-temp-allocator-size-audio-worker=65536"
    "memorysetup-temp-allocator-size-cloud-worker=32768"
    "memorysetup-temp-allocator-size-gi-baking-worker=262144"
    "memorysetup-temp-allocator-size-gfx=262144"
Player connection [12944] Host "[IP] 192.168.1.236 [Port] 0 [Flags] 2 [Guid] 3718124532 [EditorId] 3718124532 [Version] 1048832 [Id] WindowsEditor(7,DESKTOP-LA5KPGF) [Debug] 1 [PackageName] WindowsEditor [ProjectName] Editor" joined multi-casting on [225.0.0.222:54997]...

Player connection [12944] Host "[IP] 192.168.1.236 [Port] 0 [Flags] 2 [Guid] 3718124532 [EditorId] 3718124532 [Version] 1048832 [Id] WindowsEditor(7,DESKTOP-LA5KPGF) [Debug] 1 [PackageName] WindowsEditor [ProjectName] Editor" joined alternative multi-casting on [225.0.0.222:34997]...

Refreshing native plugins compatible for Editor in 136.13 ms, found 5 plugins.
Preloading 0 native plugins for Editor in 0.00 ms.
Initialize engine version: 2021.3.21f1 (1b156197d683)
[Subsystems] Discovering subsystems at path C:/Program Files/Unity/Hub/Editor/2021.3.21f1/Editor/Data/Resources/UnitySubsystems
[Subsystems] Discovering subsystems at path C:/Users/mohmd/My project/Assets
GfxDevice: creating device client; threaded=0; jobified=0
Direct3D:
    Version:  Direct3D 11.0 [level 11.1]
    Renderer: NVIDIA GeForce RTX 2070 with Max-Q Design (ID=0x1f10)
    Vendor:   NVIDIA
    VRAM:     8031 MB
    Driver:   27.21.14.5167
Initialize mono
Mono path[0] = 'C:/Program Files/Unity/Hub/Editor/2021.3.21f1/Editor/Data/Managed'
Mono path[1] = 'C:/Program Files/Unity/Hub/Editor/2021.3.21f1/Editor/Data/MonoBleedingEdge/lib/mono/unityjit-win32'
Mono config path = 'C:/Program Files/Unity/Hub/Editor/2021.3.21f1/Editor/Data/MonoBleedingEdge/etc'
Using monoOptions --debugger-agent=transport=dt_socket,embedding=1,server=y,suspend=n,address=127.0.0.1:56732
Begin MonoManager ReloadAssembly
Registering precompiled unity dll's ...
Register platform support module: C:/Program Files/Unity/Hub/Editor/2021.3.21f1/Editor/Data/PlaybackEngines/WebGLSupport/UnityEditor.WebGL.Extensions.dll
Register platform support module: C:/Program Files/Unity/Hub/Editor/2021.3.21f1/Editor/Data/PlaybackEngines/WindowsStandaloneSupport/UnityEditor.WindowsStandalone.Extensions.dll
Registered in 0.008569 seconds.
Native extension for WindowsStandalone target not found
Native extension for WebGL target not found
Refreshing native plugins compatible for Editor in 117.72 ms, found 5 plugins.
Preloading 0 native plugins for Editor in 0.00 ms.
Mono: successfully reloaded assembly
- Completed reload, in  1.078 seconds
Domain Reload Profiling:
	ReloadAssembly (1079ms)
		BeginReloadAssembly (154ms)
			ExecutionOrderSort (0ms)
			DisableScriptedObjects (0ms)
			BackupInstance (0ms)
			ReleaseScriptingObjects (0ms)
			CreateAndSetChildDomain (1ms)
		EndReloadAssembly (739ms)
			LoadAssemblies (152ms)
			RebuildTransferFunctionScriptingTraits (0ms)
			SetupTypeCache (210ms)
			ReleaseScriptCaches (0ms)
			RebuildScriptCaches (48ms)
			SetupLoadedEditorAssemblies (401ms)
				LogAssemblyErrors (0ms)
				InitializePlatformSupportModulesInManaged (17ms)
				SetLoadedEditorAssemblies (0ms)
				RefreshPlugins (118ms)
				BeforeProcessingInitializeOnLoad (2ms)
				ProcessInitializeOnLoadAttributes (199ms)
				ProcessInitializeOnLoadMethodAttributes (65ms)
				AfterProcessingInitializeOnLoad (0ms)
				EditorAssembliesLoaded (0ms)
			ExecutionOrderSort2 (0ms)
			AwakeInstancesAfterBackupRestoration (0ms)
Platform modules already initialized, skipping
Registering precompiled user dll's ...
Registered in 0.010506 seconds.
Begin MonoManager ReloadAssembly
Symbol file LoadedFromMemory doesn't match image C:\Users\mohmd\My project\Library\PackageCache\com.unity.visualscripting@1.8.0\Editor\VisualScripting.Core\Dependencies\YamlDotNet\Unity.VisualScripting.YamlDotNet.dll
Symbol file LoadedFromMemory doesn't match image C:\Users\mohmd\My project\Library\PackageCache\com.unity.visualscripting@1.8.0\Editor\VisualScripting.Core\Dependencies\DotNetZip\Unity.VisualScripting.IonicZip.dll
Native extension for WindowsStandalone target not found
Native extension for WebGL target not found
Refreshing native plugins compatible for Editor in 0.69 ms, found 5 plugins.
Preloading 0 native plugins for Editor in 0.00 ms.
Mono: successfully reloaded assembly
- Completed reload, in  1.479 seconds
Domain Reload Profiling:
	ReloadAssembly (1480ms)
		BeginReloadAssembly (200ms)
			ExecutionOrderSort (0ms)
			DisableScriptedObjects (9ms)
			BackupInstance (0ms)
			ReleaseScriptingObjects (0ms)
			CreateAndSetChildDomain (31ms)
		EndReloadAssembly (1123ms)
			LoadAssemblies (134ms)
			RebuildTransferFunctionScriptingTraits (0ms)
			SetupTypeCache (392ms)
			ReleaseScriptCaches (1ms)
			RebuildScriptCaches (76ms)
			SetupLoadedEditorAssemblies (491ms)
				LogAssemblyErrors (0ms)
				InitializePlatformSupportModulesInManaged (9ms)
				SetLoadedEditorAssemblies (1ms)
				RefreshPlugins (1ms)
				BeforeProcessingInitializeOnLoad (120ms)
				ProcessInitializeOnLoadAttributes (327ms)
				ProcessInitializeOnLoadMethodAttributes (25ms)
				AfterProcessingInitializeOnLoad (8ms)
				EditorAssembliesLoaded (0ms)
			ExecutionOrderSort2 (0ms)
			AwakeInstancesAfterBackupRestoration (11ms)
Platform modules already initialized, skipping
========================================================================
Worker process is ready to serve import requests
Launched and connected shader compiler UnityShaderCompiler.exe after 0.10 seconds
Refreshing native plugins compatible for Editor in 1.23 ms, found 5 plugins.
Preloading 0 native plugins for Editor in 0.00 ms.
Unloading 3193 Unused Serialized files (Serialized files now loaded: 0)
Unloading 27 unused Assets / (113.5 KB). Loaded Objects now: 3650.
Memory consumption went from 112.3 MB to 112.2 MB.
Total: 12.514200 ms (FindLiveObjects: 1.203300 ms CreateObjectMapping: 0.547300 ms MarkObjects: 10.485600 ms  DeleteObjects: 0.276000 ms)

AssetImportParameters requested are different than current active one (requested -> active):
  custom:video-decoder-ogg-theora: a1e56fd34408186e4bbccfd4996cb3dc -> 
  custom:container-muxer-webm: aa71ff27fc2769a1b78a27578f13a17b -> 
  custom:container-demuxer-webm: 4f35f7cbe854078d1ac9338744f61a02 -> 
  custom:video-encoder-webm-vp8: eb34c28f22e8b96e1ab97ce403110664 -> 
  custom:audio-encoder-webm-vorbis: bf7c407c2cedff20999df2af8eb42d56 -> 
  custom:framework-win-MediaFoundation: 216162199b28c13a410421893ffa2e32 -> 
  custom:container-demuxer-ogg: 62fdf1f143b41e24485cea50d1cbac27 -> 
  custom:video-decoder-webm-vp8: 9c59270c3fd7afecdb556c50c9e8de78 -> 
  custom:audio-decoder-ogg-vorbis: bf7c407c2cedff20999df2af8eb42d56 -> 
========================================================================
Received Import Request.
  Time since last request: 157486.254015 seconds.
  path: Assets/playerLook.cs
  artifactKey: Guid(cfcc72955f2b5ab46a245f07d3772a93) Importer(815301076,1909f56bfc062723c751e8b465ee728b)
Start importing Assets/playerLook.cs using Guid(cfcc72955f2b5ab46a245f07d3772a93) Importer(815301076,1909f56bfc062723c751e8b465ee728b)  -> (artifact id: 'b94027f6e2dba6bf66221041706c6413') in 0.130423 seconds 
========================================================================
Received Import Request.
  Time since last request: 0.054656 seconds.
  path: Assets/gjm/AI/simpleZombieAI_gjm.cs
  artifactKey: Guid(a32e1a7306ca9c3c693bc129f1137236) Importer(815301076,1909f56bfc062723c751e8b465ee728b)
Start importing Assets/gjm/AI/simpleZombieAI_gjm.cs using Guid(a32e1a7306ca9c3c693bc129f1137236) Importer(815301076,1909f56bfc062723c751e8b465ee728b)  -> (artifact id: '74947a9c8f67731aa8f9a885fc53cc38') in 0.009033 seconds 
========================================================================
Received Import Request.
  Time since last request: 0.000882 seconds.
  path: Assets/gjm/annimatorControllers/stoneDoor/stoneDoorClosing.anim
  artifactKey: Guid(92ea47b68e3069f65ae74e83115a329a) Importer(815301076,1909f56bfc062723c751e8b465ee728b)
Start importing Assets/gjm/annimatorControllers/stoneDoor/stoneDoorClosing.anim using Guid(92ea47b68e3069f65ae74e83115a329a) Importer(815301076,1909f56bfc062723c751e8b465ee728b)  -> (artifact id: 'b0265ee48b5ff07334740f012a228ab1') in 0.045974 seconds 
========================================================================
Received Import Request.
  Time since last request: 0.037151 seconds.
  path: Assets/gjm/annimatorControllers/stoneDoor/stoneDoor_opening.anim
  artifactKey: Guid(4ceefb131619c25528753e9c8c4c9c98) Importer(815301076,1909f56bfc062723c751e8b465ee728b)
Start importing Assets/gjm/annimatorControllers/stoneDoor/stoneDoor_opening.anim using Guid(4ceefb131619c25528753e9c8c4c9c98) Importer(815301076,1909f56bfc062723c751e8b465ee728b)  -> (artifact id: '17baf734e4ffac77826c0c7a17bf0727') in 0.010659 seconds 
========================================================================
Received Import Request.
  Time since last request: 0.030188 seconds.
  path: Assets/gjm/gjm_prefabs/simpleZombies/startingChamber.prefab
  artifactKey: Guid(1c1752b87c653d34c93fe88a6435a081) Importer(815301076,1909f56bfc062723c751e8b465ee728b)
Start importing Assets/gjm/gjm_prefabs/simpleZombies/startingChamber.prefab using Guid(1c1752b87c653d34c93fe88a6435a081) Importer(815301076,1909f56bfc062723c751e8b465ee728b)  -> (artifact id: '2d84e566aee0087189cbce9ae3950c36') in 0.288309 seconds 
========================================================================
Received Import Request.
  Time since last request: 0.050305 seconds.
  path: Assets/gjm/Materials/NewBehaviourScript.cs
  artifactKey: Guid(47bf549b8b6da914eb2c8fd293b3add2) Importer(815301076,1909f56bfc062723c751e8b465ee728b)
Start importing Assets/gjm/Materials/NewBehaviourScript.cs using Guid(47bf549b8b6da914eb2c8fd293b3add2) Importer(815301076,1909f56bfc062723c751e8b465ee728b)  -> (artifact id: '7bbb7e81c2cce0d0a6e93e792f5acf30') in 0.023030 seconds 
========================================================================
Received Import Request.
  Time since last request: 0.012475 seconds.
  path: Assets/gjm/annimatorControllers/stoneDoor/stoneDoor.controller
  artifactKey: Guid(44e3c172ab6678e2dbbff4c8484a889b) Importer(815301076,1909f56bfc062723c751e8b465ee728b)
Start importing Assets/gjm/annimatorControllers/stoneDoor/stoneDoor.controller using Guid(44e3c172ab6678e2dbbff4c8484a889b) Importer(815301076,1909f56bfc062723c751e8b465ee728b)  -> (artifact id: 'f53d6cd680a378a4cd4f2f2e303c98f3') in 0.020447 seconds 
========================================================================
Received Import Request.
  Time since last request: 0.000851 seconds.
  path: Assets/playerMoveUpdated_gjm.cs
  artifactKey: Guid(7f6ccb866ad564641bc549dd04b2c634) Importer(815301076,1909f56bfc062723c751e8b465ee728b)
Start importing Assets/playerMoveUpdated_gjm.cs using Guid(7f6ccb866ad564641bc549dd04b2c634) Importer(815301076,1909f56bfc062723c751e8b465ee728b)  -> (artifact id: '4ede30e42bc87efb93781dca4518cd10') in 0.015910 seconds 
========================================================================
Received Import Request.
  Time since last request: 0.031116 seconds.
  path: Assets/gjm/gjm_prefabs/fpsCreator_gjm/customWindowFrame_gjm.prefab
  artifactKey: Guid(c8bc30f259d4de45c9e6d4779b90b86d) Importer(815301076,1909f56bfc062723c751e8b465ee728b)
Start importing Assets/gjm/gjm_prefabs/fpsCreator_gjm/customWindowFrame_gjm.prefab using Guid(c8bc30f259d4de45c9e6d4779b90b86d) Importer(815301076,1909f56bfc062723c751e8b465ee728b)  -> (artifact id: 'ddf084e61f3606f833ea2dfa4644292b') in 0.033056 seconds 
========================================================================
Received Import Request.
  Time since last request: 141.851354 seconds.
  path: Packages/com.unity.testtools.codecoverage/package.json
  artifactKey: Guid(ba7d60725b0ec604698819352642be89) Importer(815301076,1909f56bfc062723c751e8b465ee728b)
Start importing Packages/com.unity.testtools.codecoverage/package.json using Guid(ba7d60725b0ec604698819352642be89) Importer(815301076,1909f56bfc062723c751e8b465ee728b)  -> (artifact id: 'b4ede392239df6bf770ed0fb43b79895') in 0.052230 seconds 
========================================================================
Received Import Request.
  Time since last request: 34.146423 seconds.
  path: Packages/com.unity.ugui/Editor/UI/SelectableEditor.cs
  artifactKey: Guid(e9253e696cd45794d9aec6d4de366b6e) Importer(815301076,1909f56bfc062723c751e8b465ee728b)
Start importing Packages/com.unity.ugui/Editor/UI/SelectableEditor.cs using Guid(e9253e696cd45794d9aec6d4de366b6e) Importer(815301076,1909f56bfc062723c751e8b465ee728b)  -> (artifact id: '5b1e62004fefd372a6b3d9a949a042c0') in 0.009829 seconds 
========================================================================
Received Import Request.
  Time since last request: 7.070364 seconds.
  path: Packages/com.unity.ugui/Editor/UI/ToggleEditor.cs
  artifactKey: Guid(d36a7c7a1ed377c4b8008e53032d7dcf) Importer(815301076,1909f56bfc062723c751e8b465ee728b)
Start importing Packages/com.unity.ugui/Editor/UI/ToggleEditor.cs using Guid(d36a7c7a1ed377c4b8008e53032d7dcf) Importer(815301076,1909f56bfc062723c751e8b465ee728b)  -> (artifact id: '311d03acbbf96cf5513910c3ca96708c') in 0.010361 seconds 
========================================================================
Received Import Request.
  Time since last request: 0.504916 seconds.
  path: Packages/com.unity.ugui/Editor/UI/InputFieldEditor.cs
  artifactKey: Guid(21d2d5d6901f2ca43a8015c60ada4e2c) Importer(815301076,1909f56bfc062723c751e8b465ee728b)
Start importing Packages/com.unity.ugui/Editor/UI/InputFieldEditor.cs using Guid(21d2d5d6901f2ca43a8015c60ada4e2c) Importer(815301076,1909f56bfc062723c751e8b465ee728b)  -> (artifact id: 'c16a42d78b40ea019fc19c506fa40d4b') in 0.011810 seconds 
========================================================================
Received Import Request.
  Time since last request: 0.455020 seconds.
  path: Packages/com.unity.ugui/Editor/UI/HorizontalOrVerticalLayoutGroupEditor.cs
  artifactKey: Guid(cb319974ad8ebd44aa1e1fbb02640b5b) Importer(815301076,1909f56bfc062723c751e8b465ee728b)
Start importing Packages/com.unity.ugui/Editor/UI/HorizontalOrVerticalLayoutGroupEditor.cs using Guid(cb319974ad8ebd44aa1e1fbb02640b5b) Importer(815301076,1909f56bfc062723c751e8b465ee728b)  -> (artifact id: '334758ea8923f499610e3dd1abd15354') in 0.011251 seconds 
========================================================================
Received Import Request.
  Time since last request: 0.658237 seconds.
  path: Packages/com.unity.ugui/Editor/UI/GraphicEditor.cs
  artifactKey: Guid(c890977a36bfdc849872b9337ab89098) Importer(815301076,1909f56bfc062723c751e8b465ee728b)
Start importing Packages/com.unity.ugui/Editor/UI/GraphicEditor.cs using Guid(c890977a36bfdc849872b9337ab89098) Importer(815301076,1909f56bfc062723c751e8b465ee728b)  -> (artifact id: 'cb0ae2392dc6c1389c4f5a1a6b2f540d') in 0.009773 seconds 
========================================================================
Received Import Request.
  Time since last request: 0.407948 seconds.
  path: Packages/com.unity.ugui/Editor/UI/CanvasScalerEditor.cs
  artifactKey: Guid(3bce033ee26244e419b3bb3bba95a37d) Importer(815301076,1909f56bfc062723c751e8b465ee728b)
Start importing Packages/com.unity.ugui/Editor/UI/CanvasScalerEditor.cs using Guid(3bce033ee26244e419b3bb3bba95a37d) Importer(815301076,1909f56bfc062723c751e8b465ee728b)  -> (artifact id: '95c7032472ebcdca291ee928616c7d0a') in 0.010684 seconds 
========================================================================
Received Import Request.
  Time since last request: 0.420260 seconds.
  path: Packages/com.unity.ugui/Editor/UI/ButtonEditor.cs
  artifactKey: Guid(472a6f18dd2f97c41af72271d22db869) Importer(815301076,1909f56bfc062723c751e8b465ee728b)
Start importing Packages/com.unity.ugui/Editor/UI/ButtonEditor.cs using Guid(472a6f18dd2f97c41af72271d22db869) Importer(815301076,1909f56bfc062723c751e8b465ee728b)  -> (artifact id: '015713a8eee9ca3f6c3060e05e3d0feb') in 0.017215 seconds 
========================================================================
Received Import Request.
  Time since last request: 0.307726 seconds.
  path: Packages/com.unity.ugui/Editor/UI/DropdownEditor.cs
  artifactKey: Guid(05f582d4fbc8e0c40afccb76bbbe0935) Importer(815301076,1909f56bfc062723c751e8b465ee728b)
Start importing Packages/com.unity.ugui/Editor/UI/DropdownEditor.cs using Guid(05f582d4fbc8e0c40afccb76bbbe0935) Importer(815301076,1909f56bfc062723c751e8b465ee728b)  -> (artifact id: '88a8e977ab174a1e18f738620b32340a') in 0.009011 seconds 
========================================================================
Received Import Request.
  Time since last request: 0.363588 seconds.
  path: Packages/com.unity.ugui/Editor/UI/GridLayoutGroupEditor.cs
  artifactKey: Guid(6a981cd1456bec84b86e1c66773f57f5) Importer(815301076,1909f56bfc062723c751e8b465ee728b)
Start importing Packages/com.unity.ugui/Editor/UI/GridLayoutGroupEditor.cs using Guid(6a981cd1456bec84b86e1c66773f57f5) Importer(815301076,1909f56bfc062723c751e8b465ee728b)  -> (artifact id: '43340d40a03932e4b5a096c795b60096') in 0.012645 seconds 
========================================================================
Received Import Request.
  Time since last request: 0.715117 seconds.
  path: Packages/com.unity.ugui/Editor/UI/LayoutPropertiesPreview.cs
  artifactKey: Guid(794f3951c48395848920fdb593a2ae38) Importer(815301076,1909f56bfc062723c751e8b465ee728b)
Start importing Packages/com.unity.ugui/Editor/UI/LayoutPropertiesPreview.cs using Guid(794f3951c48395848920fdb593a2ae38) Importer(815301076,1909f56bfc062723c751e8b465ee728b)  -> (artifact id: '5351f10c2dc57e54fda493bdc077db05') in 0.009118 seconds 
========================================================================
Received Import Request.
  Time since last request: 0.718853 seconds.
  path: Packages/com.unity.ugui/Editor/UI/MaskEditor.cs
  artifactKey: Guid(b10cb8fee5b39014d8a417bf413f5e5c) Importer(815301076,1909f56bfc062723c751e8b465ee728b)
Start importing Packages/com.unity.ugui/Editor/UI/MaskEditor.cs using Guid(b10cb8fee5b39014d8a417bf413f5e5c) Importer(815301076,1909f56bfc062723c751e8b465ee728b)  -> (artifact id: '14a09f06f72f10840b433f55a40d5e5d') in 0.011433 seconds 
========================================================================
Received Import Request.
  Time since last request: 3.626595 seconds.
  path: Assets/gjm/ZombieGame/startingChamber Copy.prefab
  artifactKey: Guid(7bfc6e6586c62604a80418caf22b03c6) Importer(815301076,1909f56bfc062723c751e8b465ee728b)
Start importing Assets/gjm/ZombieGame/startingChamber Copy.prefab using Guid(7bfc6e6586c62604a80418caf22b03c6) Importer(815301076,1909f56bfc062723c751e8b465ee728b)  -> (artifact id: '783a11d04ff890075fdb993912fc5bf8') in 0.044070 seconds 
========================================================================
Received Import Request.
  Time since last request: 19.475456 seconds.
  path: Assets/gjm/gjm_prefabs/fpsCreator_gjm
  artifactKey: Guid(4e6acf4c5a2a2964698754f370f074de) Importer(815301076,1909f56bfc062723c751e8b465ee728b)
Start importing Assets/gjm/gjm_prefabs/fpsCreator_gjm using Guid(4e6acf4c5a2a2964698754f370f074de) Importer(815301076,1909f56bfc062723c751e8b465ee728b)  -> (artifact id: 'd3e4ae1b14fe1e22e53ea601263d8a80') in 0.009061 seconds 
========================================================================
Received Import Request.
  Time since last request: 1.313670 seconds.
  path: Assets/gjm/gjm_prefabs/fpsCreator_gjm/teleporterMaster.prefab
  artifactKey: Guid(1dcc1c91eb9698b3eaf792c8dfaef17a) Importer(815301076,1909f56bfc062723c751e8b465ee728b)
Start importing Assets/gjm/gjm_prefabs/fpsCreator_gjm/teleporterMaster.prefab using Guid(1dcc1c91eb9698b3eaf792c8dfaef17a) Importer(815301076,1909f56bfc062723c751e8b465ee728b)  -> (artifact id: 'f99393f5bb94986f4b68bfd432b3be59') in 0.022784 seconds 
========================================================================
Received Import Request.
  Time since last request: 54.983077 seconds.
  path: Assets/gjm/AI
  artifactKey: Guid(7c85809fc476bc048867344c23dcea26) Importer(815301076,1909f56bfc062723c751e8b465ee728b)
Start importing Assets/gjm/AI using Guid(7c85809fc476bc048867344c23dcea26) Importer(815301076,1909f56bfc062723c751e8b465ee728b)  -> (artifact id: '834bc09ae0cac45856b9f00404021781') in 0.009633 seconds 
========================================================================
Received Import Request.
  Time since last request: 0.011236 seconds.
  path: Assets/gjm/ZombieGame
  artifactKey: Guid(cb912b2590fc5a343bb64f1b1690171e) Importer(815301076,1909f56bfc062723c751e8b465ee728b)
Start importing Assets/gjm/ZombieGame using Guid(cb912b2590fc5a343bb64f1b1690171e) Importer(815301076,1909f56bfc062723c751e8b465ee728b)  -> (artifact id: '5e3f008780da81ff380f539805d2c016') in 0.012926 seconds 
